<?xml version="1.0" encoding="UTF-8"?>
<!-- Generated by org.testng.reporters.JUnitReportReporter -->
<testsuite hostname="Macs-MacBook-Pro.local" failures="0" tests="1" name="SampleTest" time="0.003" errors="0" timestamp="2021-04-06T17:47:36 MDT" skipped="0">
  <testcase classname="SampleTest" name="test1" time="0.003"/>
  <system-out/>
</testsuite> <!-- SampleTest -->
